2015-01-20T16:21:44.918+0800 [initandlisten] MongoDB starting : pid=9639 port=27017 dbpath=/Users/chenliang/git_projects/namebb/db 64-bit host=chenliang.local
2015-01-20T16:21:44.919+0800 [initandlisten] db version v2.6.5
2015-01-20T16:21:44.919+0800 [initandlisten] git version: nogitversion
2015-01-20T16:21:44.919+0800 [initandlisten] build info: Darwin miniyosemite.local 14.0.0 Darwin Kernel Version 14.0.0: Fri Sep 19 00:26:44 PDT 2014; root:xnu-2782.1.97~2/RELEASE_X86_64 x86_64 BOOST_LIB_VERSION=1_49
2015-01-20T16:21:44.919+0800 [initandlisten] allocator: tcmalloc
2015-01-20T16:21:44.919+0800 [initandlisten] options: { config: "/usr/local/etc/mongod.conf", net: { bindIp: "127.0.0.1" }, storage: { dbPath: "/Users/chenliang/git_projects/namebb/db" }, systemLog: { destination: "file", logAppend: true, path: "/Users/chenliang/git_projects/namebb/mongo.log" } }
2015-01-20T16:21:44.920+0800 [initandlisten] journal dir=/Users/chenliang/git_projects/namebb/db/journal
2015-01-20T16:21:44.920+0800 [initandlisten] recover : no journal files present, no recovery needed
2015-01-20T16:21:44.935+0800 [initandlisten] allocating new ns file /Users/chenliang/git_projects/namebb/db/local.ns, filling with zeroes...
2015-01-20T16:21:44.969+0800 [FileAllocator] allocating new datafile /Users/chenliang/git_projects/namebb/db/local.0, filling with zeroes...
2015-01-20T16:21:44.969+0800 [FileAllocator] creating directory /Users/chenliang/git_projects/namebb/db/_tmp
2015-01-20T16:21:45.059+0800 [FileAllocator] done allocating datafile /Users/chenliang/git_projects/namebb/db/local.0, size: 64MB,  took 0.089 secs
2015-01-20T16:21:45.074+0800 [initandlisten] build index on: local.startup_log properties: { v: 1, key: { _id: 1 }, name: "_id_", ns: "local.startup_log" }
2015-01-20T16:21:45.075+0800 [initandlisten] 	 added index to empty collection
2015-01-20T16:21:45.075+0800 [initandlisten] command local.$cmd command: create { create: "startup_log", size: 10485760, capped: true } ntoreturn:1 keyUpdates:0 numYields:0  reslen:37 139ms
2015-01-20T16:21:45.075+0800 [initandlisten] waiting for connections on port 27017
2015-01-20T16:21:49.305+0800 [signalProcessingThread] got signal 2 (Interrupt: 2), will terminate after current cmd ends
2015-01-20T16:21:49.305+0800 [signalProcessingThread] now exiting
2015-01-20T16:21:49.305+0800 [signalProcessingThread] dbexit: 
2015-01-20T16:21:49.305+0800 [signalProcessingThread] shutdown: going to close listening sockets...
2015-01-20T16:21:49.306+0800 [signalProcessingThread] closing listening socket: 9
2015-01-20T16:21:49.306+0800 [signalProcessingThread] closing listening socket: 10
2015-01-20T16:21:49.306+0800 [signalProcessingThread] removing socket file: /tmp/mongodb-27017.sock
2015-01-20T16:21:49.306+0800 [signalProcessingThread] shutdown: going to flush diaglog...
2015-01-20T16:21:49.306+0800 [signalProcessingThread] shutdown: going to close sockets...
2015-01-20T16:21:49.306+0800 [signalProcessingThread] shutdown: waiting for fs preallocator...
2015-01-20T16:21:49.306+0800 [signalProcessingThread] shutdown: lock for final commit...
2015-01-20T16:21:49.306+0800 [signalProcessingThread] shutdown: final commit...
2015-01-20T16:21:49.311+0800 [signalProcessingThread] shutdown: closing all files...
2015-01-20T16:21:49.311+0800 [signalProcessingThread] closeAllFiles() finished
2015-01-20T16:21:49.311+0800 [signalProcessingThread] journalCleanup...
2015-01-20T16:21:49.311+0800 [signalProcessingThread] removeJournalFiles
2015-01-20T16:21:49.312+0800 [signalProcessingThread] shutdown: removing fs lock...
2015-01-20T16:21:49.312+0800 [signalProcessingThread] dbexit: really exiting now
2015-01-20T16:26:52.219+0800 ***** SERVER RESTARTED *****
2015-01-20T16:26:52.227+0800 [initandlisten] MongoDB starting : pid=9691 port=27017 dbpath=/Users/chenliang/git_projects/namebb/db 64-bit host=chenliang.local
2015-01-20T16:26:52.227+0800 [initandlisten] db version v2.6.5
2015-01-20T16:26:52.227+0800 [initandlisten] git version: nogitversion
2015-01-20T16:26:52.227+0800 [initandlisten] build info: Darwin miniyosemite.local 14.0.0 Darwin Kernel Version 14.0.0: Fri Sep 19 00:26:44 PDT 2014; root:xnu-2782.1.97~2/RELEASE_X86_64 x86_64 BOOST_LIB_VERSION=1_49
2015-01-20T16:26:52.227+0800 [initandlisten] allocator: tcmalloc
2015-01-20T16:26:52.227+0800 [initandlisten] options: { command: [ "run" ], config: "/usr/local/etc/mongod.conf", net: { bindIp: "127.0.0.1" }, storage: { dbPath: "/Users/chenliang/git_projects/namebb/db" }, systemLog: { destination: "file", logAppend: true, path: "/Users/chenliang/git_projects/namebb/mongo.log" } }
2015-01-20T16:26:52.228+0800 [initandlisten] journal dir=/Users/chenliang/git_projects/namebb/db/journal
2015-01-20T16:26:52.228+0800 [initandlisten] recover : no journal files present, no recovery needed
2015-01-20T16:26:52.253+0800 [initandlisten] waiting for connections on port 27017
2015-01-20T16:27:20.796+0800 [signalProcessingThread] got signal 15 (Terminated: 15), will terminate after current cmd ends
2015-01-20T16:27:20.796+0800 [signalProcessingThread] now exiting
2015-01-20T16:27:20.796+0800 [signalProcessingThread] dbexit: 
2015-01-20T16:27:20.796+0800 [signalProcessingThread] shutdown: going to close listening sockets...
2015-01-20T16:27:20.796+0800 [signalProcessingThread] closing listening socket: 8
2015-01-20T16:27:20.797+0800 [signalProcessingThread] closing listening socket: 9
2015-01-20T16:27:20.797+0800 [signalProcessingThread] removing socket file: /tmp/mongodb-27017.sock
2015-01-20T16:27:20.797+0800 [signalProcessingThread] shutdown: going to flush diaglog...
2015-01-20T16:27:20.797+0800 [signalProcessingThread] shutdown: going to close sockets...
2015-01-20T16:27:20.797+0800 [signalProcessingThread] shutdown: waiting for fs preallocator...
2015-01-20T16:27:20.797+0800 [signalProcessingThread] shutdown: lock for final commit...
2015-01-20T16:27:20.797+0800 [signalProcessingThread] shutdown: final commit...
2015-01-20T16:27:20.801+0800 [signalProcessingThread] shutdown: closing all files...
2015-01-20T16:27:20.801+0800 [signalProcessingThread] closeAllFiles() finished
2015-01-20T16:27:20.801+0800 [signalProcessingThread] journalCleanup...
2015-01-20T16:27:20.801+0800 [signalProcessingThread] removeJournalFiles
2015-01-20T16:27:20.801+0800 [signalProcessingThread] shutdown: removing fs lock...
2015-01-20T16:27:20.801+0800 [signalProcessingThread] dbexit: really exiting now
2015-01-20T16:27:28.416+0800 ***** SERVER RESTARTED *****
2015-01-20T16:27:28.425+0800 [initandlisten] MongoDB starting : pid=9698 port=27017 dbpath=/Users/chenliang/git_projects/namebb/db 64-bit host=chenliang.local
2015-01-20T16:27:28.425+0800 [initandlisten] db version v2.6.5
2015-01-20T16:27:28.425+0800 [initandlisten] git version: nogitversion
2015-01-20T16:27:28.425+0800 [initandlisten] build info: Darwin miniyosemite.local 14.0.0 Darwin Kernel Version 14.0.0: Fri Sep 19 00:26:44 PDT 2014; root:xnu-2782.1.97~2/RELEASE_X86_64 x86_64 BOOST_LIB_VERSION=1_49
2015-01-20T16:27:28.425+0800 [initandlisten] allocator: tcmalloc
2015-01-20T16:27:28.425+0800 [initandlisten] options: { command: [ "run" ], config: "/usr/local/etc/mongod.conf", net: { bindIp: "127.0.0.1" }, storage: { dbPath: "/Users/chenliang/git_projects/namebb/db" }, systemLog: { destination: "file", logAppend: true, path: "/Users/chenliang/git_projects/namebb/mongo.log" } }
2015-01-20T16:27:28.426+0800 [initandlisten] journal dir=/Users/chenliang/git_projects/namebb/db/journal
2015-01-20T16:27:28.426+0800 [initandlisten] recover : no journal files present, no recovery needed
2015-01-20T16:27:28.449+0800 [initandlisten] waiting for connections on port 27017
2015-01-20T16:27:42.101+0800 [initandlisten] connection accepted from 127.0.0.1:59116 #1 (1 connection now open)
2015-01-20T16:28:29.382+0800 [clientcursormon] mem (MB) res:33 virt:2647
2015-01-20T16:28:29.382+0800 [clientcursormon]  mapped (incl journal view):160
2015-01-20T16:28:29.382+0800 [clientcursormon]  connections:1
2015-01-20T16:31:59.375+0800 [initandlisten] connection accepted from 127.0.0.1:59213 #2 (2 connections now open)
2015-01-20T16:31:59.377+0800 [conn2] end connection 127.0.0.1:59213 (1 connection now open)
2015-01-20T16:32:24.554+0800 [initandlisten] connection accepted from 127.0.0.1:59217 #3 (2 connections now open)
2015-01-20T16:32:24.554+0800 [conn3] allocating new ns file /Users/chenliang/git_projects/namebb/db/app.ns, filling with zeroes...
2015-01-20T16:32:24.582+0800 [FileAllocator] allocating new datafile /Users/chenliang/git_projects/namebb/db/app.0, filling with zeroes...
2015-01-20T16:32:24.582+0800 [FileAllocator] creating directory /Users/chenliang/git_projects/namebb/db/_tmp
2015-01-20T16:32:24.688+0800 [FileAllocator] done allocating datafile /Users/chenliang/git_projects/namebb/db/app.0, size: 64MB,  took 0.106 secs
2015-01-20T16:32:24.724+0800 [conn3] build index on: app.names properties: { v: 1, key: { _id: 1 }, name: "_id_", ns: "app.names" }
2015-01-20T16:32:24.733+0800 [conn3] 	 added index to empty collection
2015-01-20T16:32:24.733+0800 [conn3] insert app.names query: { _id: ObjectId('54be12986b87b326333007c1'), a: 2 } ninserted:1 keyUpdates:0 numYields:0 locks(micros) w:178530 178ms
2015-01-20T16:32:24.733+0800 [conn3] command app.$cmd command: insert { insert: "names", ordered: true, documents: [ { _id: ObjectId('54be12986b87b326333007c1'), a: 2 } ] } keyUpdates:0 numYields:0 locks(micros) w:56 reslen:40 178ms
2015-01-20T16:32:24.736+0800 [conn3] end connection 127.0.0.1:59217 (1 connection now open)
2015-01-20T16:32:32.416+0800 [clientcursormon] mem (MB) res:35 virt:2808
2015-01-20T16:32:32.416+0800 [clientcursormon]  mapped (incl journal view):320
2015-01-20T16:32:32.416+0800 [clientcursormon]  connections:1
2015-01-20T16:34:27.626+0800 [initandlisten] connection accepted from 127.0.0.1:59392 #4 (2 connections now open)
2015-01-20T16:34:27.627+0800 [conn4] CMD: drop app.names
2015-01-20T16:34:27.630+0800 [conn4] end connection 127.0.0.1:59392 (1 connection now open)
2015-01-20T16:34:30.578+0800 [initandlisten] connection accepted from 127.0.0.1:59394 #5 (2 connections now open)
2015-01-20T16:34:30.579+0800 [conn5] CMD: drop app.names
2015-01-20T16:34:30.581+0800 [conn5] end connection 127.0.0.1:59394 (1 connection now open)
2015-01-20T16:34:45.874+0800 [initandlisten] connection accepted from 127.0.0.1:59396 #6 (2 connections now open)
2015-01-20T16:34:45.874+0800 [conn6] CMD: drop app.names
2015-01-20T16:34:45.876+0800 [conn6] end connection 127.0.0.1:59396 (1 connection now open)
2015-01-20T16:35:14.427+0800 [initandlisten] connection accepted from 127.0.0.1:59402 #7 (2 connections now open)
2015-01-20T16:35:14.428+0800 [conn7] build index on: app.names properties: { v: 1, key: { _id: 1 }, name: "_id_", ns: "app.names" }
2015-01-20T16:35:14.428+0800 [conn7] 	 added index to empty collection
2015-01-20T16:35:14.430+0800 [conn7] end connection 127.0.0.1:59402 (1 connection now open)
2015-01-20T16:36:04.619+0800 [conn1] CMD: drop app.names
2015-01-20T16:37:37.292+0800 [clientcursormon] mem (MB) res:35 virt:2808
2015-01-20T16:37:37.292+0800 [clientcursormon]  mapped (incl journal view):320
2015-01-20T16:37:37.292+0800 [clientcursormon]  connections:1
2015-01-20T16:42:42.375+0800 [clientcursormon] mem (MB) res:35 virt:2808
2015-01-20T16:42:42.375+0800 [clientcursormon]  mapped (incl journal view):320
2015-01-20T16:42:42.375+0800 [clientcursormon]  connections:1
2015-01-20T16:47:47.469+0800 [clientcursormon] mem (MB) res:35 virt:2808
2015-01-20T16:47:47.469+0800 [clientcursormon]  mapped (incl journal view):320
2015-01-20T16:47:47.469+0800 [clientcursormon]  connections:1
2015-01-20T16:48:38.716+0800 [initandlisten] connection accepted from 127.0.0.1:59567 #8 (2 connections now open)
2015-01-20T16:48:46.789+0800 [conn8] end connection 127.0.0.1:59567 (1 connection now open)
2015-01-20T16:49:07.211+0800 [initandlisten] connection accepted from 127.0.0.1:59569 #9 (2 connections now open)
2015-01-20T16:49:08.961+0800 [conn9] end connection 127.0.0.1:59569 (1 connection now open)
2015-01-20T16:49:18.788+0800 [initandlisten] connection accepted from 127.0.0.1:59570 #10 (2 connections now open)
2015-01-20T16:49:20.275+0800 [conn10] build index on: app.names properties: { v: 1, key: { _id: 1 }, name: "_id_", ns: "app.names" }
2015-01-20T16:49:20.275+0800 [conn10] 	 added index to empty collection
2015-01-20T16:49:25.811+0800 [FileAllocator] allocating new datafile /Users/chenliang/git_projects/namebb/db/app.1, filling with zeroes...
2015-01-20T16:49:25.993+0800 [FileAllocator] done allocating datafile /Users/chenliang/git_projects/namebb/db/app.1, size: 128MB,  took 0.182 secs
2015-01-20T16:49:26.005+0800 [conn10] insert app.names query: { _id: ObjectId('54be16956b87b3275af17ea6'), gender: "male", name: "又浛", word_count: 2 } ninserted:1 keyUpdates:0 numYields:0 locks(micros) w:194687 194ms
2015-01-20T16:49:26.019+0800 [conn10] command app.$cmd command: insert { $msg: "query not recording (too large)" } keyUpdates:0 numYields:0 locks(micros) w:76 reslen:40 213ms
2015-01-20T16:49:39.232+0800 [FileAllocator] allocating new datafile /Users/chenliang/git_projects/namebb/db/app.2, filling with zeroes...
2015-01-20T16:49:39.600+0800 [FileAllocator] done allocating datafile /Users/chenliang/git_projects/namebb/db/app.2, size: 256MB,  took 0.368 secs
2015-01-20T16:49:39.614+0800 [conn10] insert app.names query: { _id: ObjectId('54be16a36b87b3275afbc360'), gender: "male", name: "敬燃", word_count: 2 } ninserted:1 keyUpdates:0 numYields:0 locks(micros) w:382146 382ms
2015-01-20T16:49:39.637+0800 [conn10] command app.$cmd command: insert { $msg: "query not recording (too large)" } keyUpdates:0 numYields:0 locks(micros) w:76 reslen:40 408ms
2015-01-20T16:49:49.442+0800 [clientcursormon] mem (MB) res:269 virt:3579
2015-01-20T16:49:49.442+0800 [clientcursormon]  mapped (incl journal view):1088
2015-01-20T16:49:49.442+0800 [clientcursormon]  connections:2
2015-01-20T16:50:04.331+0800 [conn10] end connection 127.0.0.1:59570 (1 connection now open)
2015-01-20T16:50:50.317+0800 [clientcursormon] mem (MB) res:382 virt:3579
2015-01-20T16:50:50.317+0800 [clientcursormon]  mapped (incl journal view):1088
2015-01-20T16:50:50.317+0800 [clientcursormon]  connections:1
2015-01-20T16:55:55.086+0800 [clientcursormon] mem (MB) res:382 virt:3579
2015-01-20T16:55:55.086+0800 [clientcursormon]  mapped (incl journal view):1088
2015-01-20T16:55:55.086+0800 [clientcursormon]  connections:1
2015-01-20T17:01:00.618+0800 [clientcursormon] mem (MB) res:382 virt:3579
2015-01-20T17:01:00.618+0800 [clientcursormon]  mapped (incl journal view):1088
2015-01-20T17:01:00.618+0800 [clientcursormon]  connections:1
2015-01-20T17:06:07.201+0800 [clientcursormon] mem (MB) res:382 virt:3579
2015-01-20T17:06:07.202+0800 [clientcursormon]  mapped (incl journal view):1088
2015-01-20T17:06:07.202+0800 [clientcursormon]  connections:1
2015-01-20T17:11:18.011+0800 [clientcursormon] mem (MB) res:382 virt:3579
2015-01-20T17:11:18.011+0800 [clientcursormon]  mapped (incl journal view):1088
2015-01-20T17:11:18.011+0800 [clientcursormon]  connections:1
2015-01-20T17:16:29.091+0800 [clientcursormon] mem (MB) res:382 virt:3579
2015-01-20T17:16:29.091+0800 [clientcursormon]  mapped (incl journal view):1088
2015-01-20T17:16:29.091+0800 [clientcursormon]  connections:1
2015-01-20T17:21:35.017+0800 [clientcursormon] mem (MB) res:382 virt:3579
2015-01-20T17:21:35.017+0800 [clientcursormon]  mapped (incl journal view):1088
2015-01-20T17:21:35.017+0800 [clientcursormon]  connections:1
2015-01-20T17:26:43.901+0800 [clientcursormon] mem (MB) res:382 virt:3579
2015-01-20T17:26:43.901+0800 [clientcursormon]  mapped (incl journal view):1088
2015-01-20T17:26:43.901+0800 [clientcursormon]  connections:1
2015-01-20T17:31:53.944+0800 [clientcursormon] mem (MB) res:382 virt:3579
2015-01-20T17:31:53.944+0800 [clientcursormon]  mapped (incl journal view):1088
2015-01-20T17:31:53.944+0800 [clientcursormon]  connections:1
2015-01-20T17:36:59.300+0800 [clientcursormon] mem (MB) res:382 virt:3579
2015-01-20T17:36:59.300+0800 [clientcursormon]  mapped (incl journal view):1088
2015-01-20T17:36:59.300+0800 [clientcursormon]  connections:1
2015-01-20T17:42:04.147+0800 [clientcursormon] mem (MB) res:382 virt:3579
2015-01-20T17:42:04.147+0800 [clientcursormon]  mapped (incl journal view):1088
2015-01-20T17:42:04.147+0800 [clientcursormon]  connections:1
2015-01-20T17:47:08.977+0800 [clientcursormon] mem (MB) res:382 virt:3579
2015-01-20T17:47:08.977+0800 [clientcursormon]  mapped (incl journal view):1088
2015-01-20T17:47:08.977+0800 [clientcursormon]  connections:1
2015-01-20T17:52:17.089+0800 [clientcursormon] mem (MB) res:382 virt:3579
2015-01-20T17:52:17.089+0800 [clientcursormon]  mapped (incl journal view):1088
2015-01-20T17:52:17.089+0800 [clientcursormon]  connections:1
2015-01-20T17:57:28.184+0800 [clientcursormon] mem (MB) res:382 virt:3579
2015-01-20T17:57:28.184+0800 [clientcursormon]  mapped (incl journal view):1088
2015-01-20T17:57:28.184+0800 [clientcursormon]  connections:1
2015-01-20T18:02:32.431+0800 [clientcursormon] mem (MB) res:382 virt:3579
2015-01-20T18:02:32.432+0800 [clientcursormon]  mapped (incl journal view):1088
2015-01-20T18:02:32.432+0800 [clientcursormon]  connections:1
2015-01-20T18:07:22.986+0800 [conn1] end connection 127.0.0.1:59116 (0 connections now open)
2015-01-20T18:07:36.893+0800 [clientcursormon] mem (MB) res:382 virt:3578
2015-01-20T18:07:36.893+0800 [clientcursormon]  mapped (incl journal view):1088
2015-01-20T18:07:36.893+0800 [clientcursormon]  connections:0
2015-01-20T18:12:41.433+0800 [clientcursormon] mem (MB) res:382 virt:3578
2015-01-20T18:12:41.434+0800 [clientcursormon]  mapped (incl journal view):1088
2015-01-20T18:12:41.434+0800 [clientcursormon]  connections:0
2015-01-20T18:17:46.514+0800 [clientcursormon] mem (MB) res:382 virt:3578
2015-01-20T18:17:46.514+0800 [clientcursormon]  mapped (incl journal view):1088
2015-01-20T18:17:46.514+0800 [clientcursormon]  connections:0
2015-01-20T18:22:55.041+0800 [clientcursormon] mem (MB) res:382 virt:3578
2015-01-20T18:22:55.042+0800 [clientcursormon]  mapped (incl journal view):1088
2015-01-20T18:22:55.042+0800 [clientcursormon]  connections:0
2015-01-20T18:28:01.377+0800 [clientcursormon] mem (MB) res:382 virt:3578
2015-01-20T18:28:01.377+0800 [clientcursormon]  mapped (incl journal view):1088
2015-01-20T18:28:01.377+0800 [clientcursormon]  connections:0
2015-01-20T18:33:12.445+0800 [clientcursormon] mem (MB) res:382 virt:3578
2015-01-20T18:33:12.446+0800 [clientcursormon]  mapped (incl journal view):1088
2015-01-20T18:33:12.446+0800 [clientcursormon]  connections:0
2015-01-20T18:38:23.494+0800 [clientcursormon] mem (MB) res:382 virt:3578
2015-01-20T18:38:23.494+0800 [clientcursormon]  mapped (incl journal view):1088
2015-01-20T18:38:23.494+0800 [clientcursormon]  connections:0
2015-01-20T18:43:34.508+0800 [clientcursormon] mem (MB) res:382 virt:3578
2015-01-20T18:43:34.508+0800 [clientcursormon]  mapped (incl journal view):1088
2015-01-20T18:43:34.508+0800 [clientcursormon]  connections:0
2015-01-20T18:48:45.415+0800 [clientcursormon] mem (MB) res:382 virt:3578
2015-01-20T18:48:45.415+0800 [clientcursormon]  mapped (incl journal view):1088
2015-01-20T18:48:45.415+0800 [clientcursormon]  connections:0
2015-01-20T18:53:56.451+0800 [clientcursormon] mem (MB) res:382 virt:3578
2015-01-20T18:53:56.451+0800 [clientcursormon]  mapped (incl journal view):1088
2015-01-20T18:53:56.451+0800 [clientcursormon]  connections:0
2015-01-20T18:59:07.542+0800 [clientcursormon] mem (MB) res:382 virt:3578
2015-01-20T18:59:07.542+0800 [clientcursormon]  mapped (incl journal view):1088
2015-01-20T18:59:07.542+0800 [clientcursormon]  connections:0
2015-01-20T19:04:18.636+0800 [clientcursormon] mem (MB) res:382 virt:3578
2015-01-20T19:04:18.636+0800 [clientcursormon]  mapped (incl journal view):1088
2015-01-20T19:04:18.636+0800 [clientcursormon]  connections:0
2015-01-20T19:09:29.653+0800 [clientcursormon] mem (MB) res:382 virt:3578
2015-01-20T19:09:29.655+0800 [clientcursormon]  mapped (incl journal view):1088
2015-01-20T19:09:29.655+0800 [clientcursormon]  connections:0
2015-01-20T19:14:40.731+0800 [clientcursormon] mem (MB) res:382 virt:3578
2015-01-20T19:14:40.731+0800 [clientcursormon]  mapped (incl journal view):1088
2015-01-20T19:14:40.731+0800 [clientcursormon]  connections:0
2015-01-20T19:19:51.779+0800 [clientcursormon] mem (MB) res:382 virt:3578
2015-01-20T19:19:51.779+0800 [clientcursormon]  mapped (incl journal view):1088
2015-01-20T19:19:51.779+0800 [clientcursormon]  connections:0
2015-01-20T19:25:02.834+0800 [clientcursormon] mem (MB) res:382 virt:3578
2015-01-20T19:25:02.834+0800 [clientcursormon]  mapped (incl journal view):1088
2015-01-20T19:25:02.834+0800 [clientcursormon]  connections:0
2015-01-20T19:30:13.878+0800 [clientcursormon] mem (MB) res:382 virt:3578
2015-01-20T19:30:13.878+0800 [clientcursormon]  mapped (incl journal view):1088
2015-01-20T19:30:13.878+0800 [clientcursormon]  connections:0
2015-01-20T19:35:24.913+0800 [clientcursormon] mem (MB) res:382 virt:3578
2015-01-20T19:35:24.913+0800 [clientcursormon]  mapped (incl journal view):1088
2015-01-20T19:35:24.913+0800 [clientcursormon]  connections:0
2015-01-20T19:40:35.933+0800 [clientcursormon] mem (MB) res:382 virt:3578
2015-01-20T19:40:35.933+0800 [clientcursormon]  mapped (incl journal view):1088
2015-01-20T19:40:35.933+0800 [clientcursormon]  connections:0
2015-01-20T19:45:47.000+0800 [clientcursormon] mem (MB) res:382 virt:3578
2015-01-20T19:45:47.000+0800 [clientcursormon]  mapped (incl journal view):1088
2015-01-20T19:45:47.000+0800 [clientcursormon]  connections:0
2015-01-20T19:50:57.975+0800 [clientcursormon] mem (MB) res:382 virt:3578
2015-01-20T19:50:57.975+0800 [clientcursormon]  mapped (incl journal view):1088
2015-01-20T19:50:57.975+0800 [clientcursormon]  connections:0
2015-01-20T19:56:09.060+0800 [clientcursormon] mem (MB) res:382 virt:3578
2015-01-20T19:56:09.060+0800 [clientcursormon]  mapped (incl journal view):1088
2015-01-20T19:56:09.060+0800 [clientcursormon]  connections:0
2015-01-20T20:01:20.130+0800 [clientcursormon] mem (MB) res:382 virt:3578
2015-01-20T20:01:20.130+0800 [clientcursormon]  mapped (incl journal view):1088
2015-01-20T20:01:20.130+0800 [clientcursormon]  connections:0
2015-01-20T20:06:31.232+0800 [clientcursormon] mem (MB) res:382 virt:3578
2015-01-20T20:06:31.232+0800 [clientcursormon]  mapped (incl journal view):1088
2015-01-20T20:06:31.232+0800 [clientcursormon]  connections:0
2015-01-20T20:11:42.299+0800 [clientcursormon] mem (MB) res:382 virt:3578
2015-01-20T20:11:42.299+0800 [clientcursormon]  mapped (incl journal view):1088
2015-01-20T20:11:42.299+0800 [clientcursormon]  connections:0
2015-01-20T20:16:53.346+0800 [clientcursormon] mem (MB) res:382 virt:3578
2015-01-20T20:16:53.347+0800 [clientcursormon]  mapped (incl journal view):1088
2015-01-20T20:16:53.347+0800 [clientcursormon]  connections:0
2015-01-20T20:22:04.421+0800 [clientcursormon] mem (MB) res:382 virt:3578
2015-01-20T20:22:04.421+0800 [clientcursormon]  mapped (incl journal view):1088
2015-01-20T20:22:04.421+0800 [clientcursormon]  connections:0
2015-01-20T20:27:15.282+0800 [clientcursormon] mem (MB) res:382 virt:3578
2015-01-20T20:27:15.282+0800 [clientcursormon]  mapped (incl journal view):1088
2015-01-20T20:27:15.282+0800 [clientcursormon]  connections:0
2015-01-20T20:32:26.324+0800 [clientcursormon] mem (MB) res:382 virt:3578
2015-01-20T20:32:26.324+0800 [clientcursormon]  mapped (incl journal view):1088
2015-01-20T20:32:26.324+0800 [clientcursormon]  connections:0
2015-01-20T20:37:37.298+0800 [clientcursormon] mem (MB) res:382 virt:3578
2015-01-20T20:37:37.298+0800 [clientcursormon]  mapped (incl journal view):1088
2015-01-20T20:37:37.298+0800 [clientcursormon]  connections:0
2015-01-20T20:42:48.354+0800 [clientcursormon] mem (MB) res:382 virt:3578
2015-01-20T20:42:48.354+0800 [clientcursormon]  mapped (incl journal view):1088
2015-01-20T20:42:48.354+0800 [clientcursormon]  connections:0
2015-01-20T20:47:59.427+0800 [clientcursormon] mem (MB) res:382 virt:3578
2015-01-20T20:47:59.427+0800 [clientcursormon]  mapped (incl journal view):1088
2015-01-20T20:47:59.427+0800 [clientcursormon]  connections:0
2015-01-20T20:53:08.741+0800 [clientcursormon] mem (MB) res:382 virt:3578
2015-01-20T20:53:08.741+0800 [clientcursormon]  mapped (incl journal view):1088
2015-01-20T20:53:08.741+0800 [clientcursormon]  connections:0
2015-01-20T20:58:19.827+0800 [clientcursormon] mem (MB) res:382 virt:3578
2015-01-20T20:58:19.827+0800 [clientcursormon]  mapped (incl journal view):1088
2015-01-20T20:58:19.827+0800 [clientcursormon]  connections:0
2015-01-20T21:03:19.665+0800 [clientcursormon] mem (MB) res:382 virt:3578
2015-01-20T21:03:19.666+0800 [clientcursormon]  mapped (incl journal view):1088
2015-01-20T21:03:19.666+0800 [clientcursormon]  connections:0
2015-01-20T21:08:24.544+0800 [clientcursormon] mem (MB) res:382 virt:3578
2015-01-20T21:08:24.544+0800 [clientcursormon]  mapped (incl journal view):1088
2015-01-20T21:08:24.544+0800 [clientcursormon]  connections:0
2015-01-20T21:12:44.791+0800 [initandlisten] connection accepted from 127.0.0.1:63439 #11 (1 connection now open)
2015-01-20T21:13:26.896+0800 [clientcursormon] mem (MB) res:398 virt:3579
2015-01-20T21:13:26.896+0800 [clientcursormon]  mapped (incl journal view):1088
2015-01-20T21:13:26.896+0800 [clientcursormon]  connections:1
2015-01-20T21:18:30.176+0800 [clientcursormon] mem (MB) res:398 virt:3579
2015-01-20T21:18:30.176+0800 [clientcursormon]  mapped (incl journal view):1088
2015-01-20T21:18:30.176+0800 [clientcursormon]  connections:1
2015-01-20T21:19:13.383+0800 [conn11] end connection 127.0.0.1:63439 (0 connections now open)
2015-01-20T21:23:10.125+0800 [initandlisten] connection accepted from 127.0.0.1:63628 #12 (1 connection now open)
2015-01-20T21:23:35.054+0800 [clientcursormon] mem (MB) res:398 virt:3579
2015-01-20T21:23:35.054+0800 [clientcursormon]  mapped (incl journal view):1088
2015-01-20T21:23:35.054+0800 [clientcursormon]  connections:1
2015-01-20T21:26:07.742+0800 [conn12] command app.$cmd command: count { count: "names", query: { word_count: 2.0, gender: "male" }, fields: {} } planSummary: COLLSCAN keyUpdates:0 numYields:0 locks(micros) r:1531341 reslen:48 1531ms
2015-01-20T21:26:37.859+0800 [clientcursormon] mem (MB) res:670 virt:3579
2015-01-20T21:26:37.859+0800 [clientcursormon]  mapped (incl journal view):1088
2015-01-20T21:26:37.859+0800 [clientcursormon]  connections:1
2015-01-20T21:31:42.671+0800 [clientcursormon] mem (MB) res:670 virt:3579
2015-01-20T21:31:42.671+0800 [clientcursormon]  mapped (incl journal view):1088
2015-01-20T21:31:42.671+0800 [clientcursormon]  connections:1
2015-01-20T21:36:48.545+0800 [clientcursormon] mem (MB) res:670 virt:3579
2015-01-20T21:36:48.545+0800 [clientcursormon]  mapped (incl journal view):1088
2015-01-20T21:36:48.545+0800 [clientcursormon]  connections:1
2015-01-20T21:41:58.112+0800 [clientcursormon] mem (MB) res:670 virt:3579
2015-01-20T21:41:58.112+0800 [clientcursormon]  mapped (incl journal view):1088
2015-01-20T21:41:58.112+0800 [clientcursormon]  connections:1
2015-01-20T21:47:05.385+0800 [clientcursormon] mem (MB) res:670 virt:3579
2015-01-20T21:47:05.385+0800 [clientcursormon]  mapped (incl journal view):1088
2015-01-20T21:47:05.385+0800 [clientcursormon]  connections:1
2015-01-20T21:47:22.910+0800 [initandlisten] connection accepted from 127.0.0.1:63905 #13 (2 connections now open)
2015-01-20T21:47:22.922+0800 [initandlisten] connection accepted from 127.0.0.1:63906 #14 (3 connections now open)
2015-01-20T21:47:35.212+0800 [initandlisten] connection accepted from 127.0.0.1:63909 #15 (4 connections now open)
2015-01-20T21:47:35.222+0800 [initandlisten] connection accepted from 127.0.0.1:63910 #16 (5 connections now open)
2015-01-20T21:52:09.994+0800 [clientcursormon] mem (MB) res:670 virt:3581
2015-01-20T21:52:09.994+0800 [clientcursormon]  mapped (incl journal view):1088
2015-01-20T21:52:09.994+0800 [clientcursormon]  connections:5
2015-01-20T21:52:56.457+0800 [conn16] end connection 127.0.0.1:63910 (4 connections now open)
2015-01-20T21:52:56.458+0800 [conn15] end connection 127.0.0.1:63909 (3 connections now open)
2015-01-20T21:52:56.470+0800 [conn14] end connection 127.0.0.1:63906 (2 connections now open)
2015-01-20T21:52:56.471+0800 [conn13] end connection 127.0.0.1:63905 (1 connection now open)
2015-01-20T21:57:15.180+0800 [clientcursormon] mem (MB) res:670 virt:3579
2015-01-20T21:57:15.180+0800 [clientcursormon]  mapped (incl journal view):1088
2015-01-20T21:57:15.180+0800 [clientcursormon]  connections:1
2015-01-20T22:02:20.236+0800 [clientcursormon] mem (MB) res:670 virt:3579
2015-01-20T22:02:20.236+0800 [clientcursormon]  mapped (incl journal view):1088
2015-01-20T22:02:20.236+0800 [clientcursormon]  connections:1
2015-01-20T22:07:25.569+0800 [clientcursormon] mem (MB) res:670 virt:3579
2015-01-20T22:07:25.569+0800 [clientcursormon]  mapped (incl journal view):1088
2015-01-20T22:07:25.569+0800 [clientcursormon]  connections:1
2015-01-20T22:12:29.749+0800 [clientcursormon] mem (MB) res:670 virt:3579
2015-01-20T22:12:29.749+0800 [clientcursormon]  mapped (incl journal view):1088
2015-01-20T22:12:29.749+0800 [clientcursormon]  connections:1
2015-01-20T22:16:37.426+0800 [conn12] end connection 127.0.0.1:63628 (0 connections now open)
2015-01-20T22:17:34.764+0800 [clientcursormon] mem (MB) res:670 virt:3578
2015-01-20T22:17:34.764+0800 [clientcursormon]  mapped (incl journal view):1088
2015-01-20T22:17:34.764+0800 [clientcursormon]  connections:0
2015-01-20T22:22:40.384+0800 [clientcursormon] mem (MB) res:670 virt:3578
2015-01-20T22:22:40.384+0800 [clientcursormon]  mapped (incl journal view):1088
2015-01-20T22:22:40.384+0800 [clientcursormon]  connections:0
2015-01-20T22:27:51.189+0800 [clientcursormon] mem (MB) res:670 virt:3578
2015-01-20T22:27:51.189+0800 [clientcursormon]  mapped (incl journal view):1088
2015-01-20T22:27:51.189+0800 [clientcursormon]  connections:0
2015-01-20T22:33:02.271+0800 [clientcursormon] mem (MB) res:670 virt:3578
2015-01-20T22:33:02.271+0800 [clientcursormon]  mapped (incl journal view):1088
2015-01-20T22:33:02.271+0800 [clientcursormon]  connections:0
2015-01-20T22:36:57.396+0800 [signalProcessingThread] got signal 15 (Terminated: 15), will terminate after current cmd ends
2015-01-20T22:36:57.398+0800 [signalProcessingThread] now exiting
2015-01-20T22:36:57.398+0800 [signalProcessingThread] dbexit: 
2015-01-20T22:36:57.398+0800 [signalProcessingThread] shutdown: going to close listening sockets...
2015-01-20T22:36:57.398+0800 [signalProcessingThread] closing listening socket: 8
2015-01-20T22:36:57.398+0800 [signalProcessingThread] closing listening socket: 9
2015-01-20T22:36:57.398+0800 [signalProcessingThread] removing socket file: /tmp/mongodb-27017.sock
2015-01-20T22:36:57.400+0800 [signalProcessingThread] shutdown: going to flush diaglog...
2015-01-20T22:36:57.401+0800 [signalProcessingThread] shutdown: going to close sockets...
2015-01-20T22:36:57.401+0800 [signalProcessingThread] shutdown: waiting for fs preallocator...
2015-01-20T22:36:57.401+0800 [signalProcessingThread] shutdown: lock for final commit...
2015-01-20T22:36:57.401+0800 [signalProcessingThread] shutdown: final commit...
2015-01-20T22:36:57.440+0800 [signalProcessingThread] shutdown: closing all files...
2015-01-20T22:36:57.475+0800 [signalProcessingThread] closeAllFiles() finished
2015-01-20T22:36:57.475+0800 [signalProcessingThread] journalCleanup...
2015-01-20T22:36:57.475+0800 [signalProcessingThread] removeJournalFiles
2015-01-20T22:36:57.475+0800 [signalProcessingThread] shutdown: removing fs lock...
2015-01-20T22:36:57.540+0800 [signalProcessingThread] dbexit: really exiting now
2015-01-20T23:01:25.797+0800 ***** SERVER RESTARTED *****
2015-01-20T23:01:25.874+0800 [initandlisten] MongoDB starting : pid=394 port=27017 dbpath=/Users/chenliang/git_projects/namebb/db 64-bit host=chenliang.local
2015-01-20T23:01:25.874+0800 [initandlisten] db version v2.6.5
2015-01-20T23:01:25.874+0800 [initandlisten] git version: nogitversion
2015-01-20T23:01:25.874+0800 [initandlisten] build info: Darwin miniyosemite.local 14.0.0 Darwin Kernel Version 14.0.0: Fri Sep 19 00:26:44 PDT 2014; root:xnu-2782.1.97~2/RELEASE_X86_64 x86_64 BOOST_LIB_VERSION=1_49
2015-01-20T23:01:25.874+0800 [initandlisten] allocator: tcmalloc
2015-01-20T23:01:25.874+0800 [initandlisten] options: { command: [ "run" ], config: "/usr/local/etc/mongod.conf", net: { bindIp: "127.0.0.1" }, storage: { dbPath: "/Users/chenliang/git_projects/namebb/db" }, systemLog: { destination: "file", logAppend: true, path: "/Users/chenliang/git_projects/namebb/mongo.log" } }
2015-01-20T23:01:25.874+0800 [initandlisten] journal dir=/Users/chenliang/git_projects/namebb/db/journal
2015-01-20T23:01:25.875+0800 [initandlisten] recover : no journal files present, no recovery needed
2015-01-20T23:01:27.136+0800 [initandlisten] waiting for connections on port 27017
2015-01-20T23:02:26.913+0800 [clientcursormon] mem (MB) res:49 virt:3618
2015-01-20T23:02:26.913+0800 [clientcursormon]  mapped (incl journal view):1088
2015-01-20T23:02:26.913+0800 [clientcursormon]  connections:0
2015-01-20T23:07:30.001+0800 [clientcursormon] mem (MB) res:49 virt:3618
2015-01-20T23:07:30.002+0800 [clientcursormon]  mapped (incl journal view):1088
2015-01-20T23:07:30.002+0800 [clientcursormon]  connections:0
2015-01-21T08:17:43.306+0800 [clientcursormon] mem (MB) res:49 virt:3618
2015-01-21T08:17:43.306+0800 [clientcursormon]  mapped (incl journal view):1088
2015-01-21T08:17:43.306+0800 [clientcursormon]  connections:0
2015-01-21T08:22:47.780+0800 [clientcursormon] mem (MB) res:49 virt:3618
2015-01-21T08:22:47.780+0800 [clientcursormon]  mapped (incl journal view):1088
2015-01-21T08:22:47.780+0800 [clientcursormon]  connections:0
2015-01-21T08:27:52.630+0800 [clientcursormon] mem (MB) res:49 virt:3618
2015-01-21T08:27:52.631+0800 [clientcursormon]  mapped (incl journal view):1088
2015-01-21T08:27:52.631+0800 [clientcursormon]  connections:0
2015-01-21T08:32:56.931+0800 [clientcursormon] mem (MB) res:49 virt:3618
2015-01-21T08:32:56.931+0800 [clientcursormon]  mapped (incl journal view):1088
2015-01-21T08:32:56.931+0800 [clientcursormon]  connections:0
2015-01-21T08:38:01.745+0800 [clientcursormon] mem (MB) res:49 virt:3618
2015-01-21T08:38:01.745+0800 [clientcursormon]  mapped (incl journal view):1088
2015-01-21T08:38:01.745+0800 [clientcursormon]  connections:0
2015-01-21T09:53:19.507+0800 [clientcursormon] mem (MB) res:49 virt:3618
2015-01-21T09:53:19.507+0800 [clientcursormon]  mapped (incl journal view):1088
2015-01-21T09:53:19.507+0800 [clientcursormon]  connections:0
2015-01-21T09:58:24.294+0800 [clientcursormon] mem (MB) res:49 virt:3618
2015-01-21T09:58:24.295+0800 [clientcursormon]  mapped (incl journal view):1088
2015-01-21T09:58:24.295+0800 [clientcursormon]  connections:0
2015-01-21T10:03:29.168+0800 [clientcursormon] mem (MB) res:49 virt:3618
2015-01-21T10:03:29.168+0800 [clientcursormon]  mapped (incl journal view):1088
2015-01-21T10:03:29.168+0800 [clientcursormon]  connections:0
2015-01-21T10:08:34.101+0800 [clientcursormon] mem (MB) res:49 virt:3618
2015-01-21T10:08:34.101+0800 [clientcursormon]  mapped (incl journal view):1088
2015-01-21T10:08:34.101+0800 [clientcursormon]  connections:0
2015-01-21T10:13:38.961+0800 [clientcursormon] mem (MB) res:49 virt:3618
2015-01-21T10:13:38.961+0800 [clientcursormon]  mapped (incl journal view):1088
2015-01-21T10:13:38.961+0800 [clientcursormon]  connections:0
2015-01-21T10:18:43.630+0800 [clientcursormon] mem (MB) res:49 virt:3618
2015-01-21T10:18:43.630+0800 [clientcursormon]  mapped (incl journal view):1088
2015-01-21T10:18:43.630+0800 [clientcursormon]  connections:0
2015-01-21T10:23:48.299+0800 [clientcursormon] mem (MB) res:49 virt:3618
2015-01-21T10:23:48.299+0800 [clientcursormon]  mapped (incl journal view):1088
2015-01-21T10:23:48.299+0800 [clientcursormon]  connections:0
2015-01-21T10:28:53.402+0800 [clientcursormon] mem (MB) res:49 virt:3618
2015-01-21T10:28:53.402+0800 [clientcursormon]  mapped (incl journal view):1088
2015-01-21T10:28:53.402+0800 [clientcursormon]  connections:0
2015-01-21T10:33:57.790+0800 [clientcursormon] mem (MB) res:49 virt:3618
2015-01-21T10:33:57.790+0800 [clientcursormon]  mapped (incl journal view):1088
2015-01-21T10:33:57.790+0800 [clientcursormon]  connections:0
2015-01-21T10:39:02.996+0800 [clientcursormon] mem (MB) res:49 virt:3618
2015-01-21T10:39:02.996+0800 [clientcursormon]  mapped (incl journal view):1088
2015-01-21T10:39:02.996+0800 [clientcursormon]  connections:0
2015-01-21T10:44:11.482+0800 [clientcursormon] mem (MB) res:49 virt:3618
2015-01-21T10:44:11.482+0800 [clientcursormon]  mapped (incl journal view):1088
2015-01-21T10:44:11.482+0800 [clientcursormon]  connections:0
2015-01-21T10:49:16.258+0800 [clientcursormon] mem (MB) res:49 virt:3618
2015-01-21T10:49:16.259+0800 [clientcursormon]  mapped (incl journal view):1088
2015-01-21T10:49:16.259+0800 [clientcursormon]  connections:0
2015-01-21T10:54:22.628+0800 [clientcursormon] mem (MB) res:49 virt:3618
2015-01-21T10:54:22.628+0800 [clientcursormon]  mapped (incl journal view):1088
2015-01-21T10:54:22.628+0800 [clientcursormon]  connections:0
2015-01-21T10:59:27.955+0800 [clientcursormon] mem (MB) res:49 virt:3618
2015-01-21T10:59:27.955+0800 [clientcursormon]  mapped (incl journal view):1088
2015-01-21T10:59:27.955+0800 [clientcursormon]  connections:0
2015-01-21T11:04:33.215+0800 [clientcursormon] mem (MB) res:49 virt:3618
2015-01-21T11:04:33.215+0800 [clientcursormon]  mapped (incl journal view):1088
2015-01-21T11:04:33.215+0800 [clientcursormon]  connections:0
2015-01-21T11:09:38.488+0800 [clientcursormon] mem (MB) res:49 virt:3618
2015-01-21T11:09:38.488+0800 [clientcursormon]  mapped (incl journal view):1088
2015-01-21T11:09:38.488+0800 [clientcursormon]  connections:0
2015-01-21T11:14:43.349+0800 [clientcursormon] mem (MB) res:49 virt:3618
2015-01-21T11:14:43.350+0800 [clientcursormon]  mapped (incl journal view):1088
2015-01-21T11:14:43.350+0800 [clientcursormon]  connections:0
2015-01-21T11:19:48.453+0800 [clientcursormon] mem (MB) res:49 virt:3618
2015-01-21T11:19:48.453+0800 [clientcursormon]  mapped (incl journal view):1088
2015-01-21T11:19:48.453+0800 [clientcursormon]  connections:0
2015-01-21T11:24:53.466+0800 [clientcursormon] mem (MB) res:49 virt:3618
2015-01-21T11:24:53.466+0800 [clientcursormon]  mapped (incl journal view):1088
2015-01-21T11:24:53.466+0800 [clientcursormon]  connections:0
2015-01-21T11:29:58.444+0800 [clientcursormon] mem (MB) res:49 virt:3618
2015-01-21T11:29:58.444+0800 [clientcursormon]  mapped (incl journal view):1088
2015-01-21T11:29:58.444+0800 [clientcursormon]  connections:0
2015-01-21T11:35:03.618+0800 [clientcursormon] mem (MB) res:49 virt:3618
2015-01-21T11:35:03.618+0800 [clientcursormon]  mapped (incl journal view):1088
2015-01-21T11:35:03.618+0800 [clientcursormon]  connections:0
2015-01-21T11:40:08.795+0800 [clientcursormon] mem (MB) res:49 virt:3618
2015-01-21T11:40:08.795+0800 [clientcursormon]  mapped (incl journal view):1088
2015-01-21T11:40:08.795+0800 [clientcursormon]  connections:0
2015-01-21T11:45:14.067+0800 [clientcursormon] mem (MB) res:49 virt:3618
2015-01-21T11:45:14.067+0800 [clientcursormon]  mapped (incl journal view):1088
2015-01-21T11:45:14.067+0800 [clientcursormon]  connections:0
2015-01-21T11:50:18.702+0800 [clientcursormon] mem (MB) res:49 virt:3618
2015-01-21T11:50:18.702+0800 [clientcursormon]  mapped (incl journal view):1088
2015-01-21T11:50:18.702+0800 [clientcursormon]  connections:0
2015-01-21T11:55:24.059+0800 [clientcursormon] mem (MB) res:49 virt:3618
2015-01-21T11:55:24.059+0800 [clientcursormon]  mapped (incl journal view):1088
2015-01-21T11:55:24.059+0800 [clientcursormon]  connections:0
2015-01-21T12:00:33.857+0800 [clientcursormon] mem (MB) res:49 virt:3618
2015-01-21T12:00:33.857+0800 [clientcursormon]  mapped (incl journal view):1088
2015-01-21T12:00:33.857+0800 [clientcursormon]  connections:0
2015-01-21T12:05:39.240+0800 [clientcursormon] mem (MB) res:49 virt:3618
2015-01-21T12:05:39.240+0800 [clientcursormon]  mapped (incl journal view):1088
2015-01-21T12:05:39.240+0800 [clientcursormon]  connections:0
2015-01-21T12:10:44.754+0800 [clientcursormon] mem (MB) res:49 virt:3618
2015-01-21T12:10:44.754+0800 [clientcursormon]  mapped (incl journal view):1088
2015-01-21T12:10:44.754+0800 [clientcursormon]  connections:0
2015-01-21T12:15:50.154+0800 [clientcursormon] mem (MB) res:49 virt:3618
2015-01-21T12:15:50.154+0800 [clientcursormon]  mapped (incl journal view):1088
2015-01-21T12:15:50.155+0800 [clientcursormon]  connections:0
2015-01-21T12:20:55.149+0800 [clientcursormon] mem (MB) res:49 virt:3618
2015-01-21T12:20:55.150+0800 [clientcursormon]  mapped (incl journal view):1088
2015-01-21T12:20:55.150+0800 [clientcursormon]  connections:0
2015-01-21T12:26:00.591+0800 [clientcursormon] mem (MB) res:49 virt:3618
2015-01-21T12:26:00.591+0800 [clientcursormon]  mapped (incl journal view):1088
2015-01-21T12:26:00.591+0800 [clientcursormon]  connections:0
2015-01-21T12:31:06.015+0800 [clientcursormon] mem (MB) res:49 virt:3618
2015-01-21T12:31:06.015+0800 [clientcursormon]  mapped (incl journal view):1088
2015-01-21T12:31:06.015+0800 [clientcursormon]  connections:0
2015-01-21T12:36:11.488+0800 [clientcursormon] mem (MB) res:49 virt:3618
2015-01-21T12:36:11.489+0800 [clientcursormon]  mapped (incl journal view):1088
2015-01-21T12:36:11.489+0800 [clientcursormon]  connections:0
2015-01-21T13:19:59.882+0800 [clientcursormon] mem (MB) res:49 virt:3618
2015-01-21T13:19:59.882+0800 [clientcursormon]  mapped (incl journal view):1088
2015-01-21T13:19:59.882+0800 [clientcursormon]  connections:0
2015-01-21T13:25:05.180+0800 [clientcursormon] mem (MB) res:49 virt:3618
2015-01-21T13:25:05.180+0800 [clientcursormon]  mapped (incl journal view):1088
2015-01-21T13:25:05.180+0800 [clientcursormon]  connections:0
2015-01-21T13:30:10.459+0800 [clientcursormon] mem (MB) res:49 virt:3618
2015-01-21T13:30:10.459+0800 [clientcursormon]  mapped (incl journal view):1088
2015-01-21T13:30:10.459+0800 [clientcursormon]  connections:0
2015-01-21T13:32:40.381+0800 [signalProcessingThread] got signal 15 (Terminated: 15), will terminate after current cmd ends
2015-01-21T13:32:40.381+0800 [signalProcessingThread] now exiting
2015-01-21T13:32:40.381+0800 [signalProcessingThread] dbexit: 
2015-01-21T13:32:40.381+0800 [signalProcessingThread] shutdown: going to close listening sockets...
2015-01-21T13:32:40.381+0800 [signalProcessingThread] closing listening socket: 12
2015-01-21T13:32:40.381+0800 [signalProcessingThread] closing listening socket: 13
2015-01-21T13:32:40.381+0800 [signalProcessingThread] removing socket file: /tmp/mongodb-27017.sock
2015-01-21T13:32:40.381+0800 [signalProcessingThread] shutdown: going to flush diaglog...
2015-01-21T13:32:40.381+0800 [signalProcessingThread] shutdown: going to close sockets...
2015-01-21T13:32:40.381+0800 [signalProcessingThread] shutdown: waiting for fs preallocator...
2015-01-21T13:32:40.381+0800 [signalProcessingThread] shutdown: lock for final commit...
2015-01-21T13:32:40.381+0800 [signalProcessingThread] shutdown: final commit...
2015-01-21T13:32:40.384+0800 [signalProcessingThread] shutdown: closing all files...
2015-01-21T13:32:40.384+0800 [signalProcessingThread] closeAllFiles() finished
2015-01-21T13:32:40.384+0800 [signalProcessingThread] journalCleanup...
2015-01-21T13:32:40.384+0800 [signalProcessingThread] removeJournalFiles
2015-01-21T13:32:40.384+0800 [signalProcessingThread] shutdown: removing fs lock...
2015-01-21T13:32:40.384+0800 [signalProcessingThread] dbexit: really exiting now
2015-01-21T13:33:24.846+0800 ***** SERVER RESTARTED *****
2015-01-21T13:33:24.855+0800 [initandlisten] MongoDB starting : pid=1059 port=27017 dbpath=/Users/chenliang/git_projects/namebb/db 64-bit host=chenliang.local
2015-01-21T13:33:24.855+0800 [initandlisten] db version v2.6.5
2015-01-21T13:33:24.855+0800 [initandlisten] git version: nogitversion
2015-01-21T13:33:24.855+0800 [initandlisten] build info: Darwin miniyosemite.local 14.0.0 Darwin Kernel Version 14.0.0: Fri Sep 19 00:26:44 PDT 2014; root:xnu-2782.1.97~2/RELEASE_X86_64 x86_64 BOOST_LIB_VERSION=1_49
2015-01-21T13:33:24.855+0800 [initandlisten] allocator: tcmalloc
2015-01-21T13:33:24.855+0800 [initandlisten] options: { command: [ "run" ], config: "/usr/local/etc/mongod.conf", net: { bindIp: "127.0.0.1" }, storage: { dbPath: "/Users/chenliang/git_projects/namebb/db" }, systemLog: { destination: "file", logAppend: true, path: "/Users/chenliang/git_projects/namebb/mongo.log" } }
2015-01-21T13:33:24.856+0800 [initandlisten] journal dir=/Users/chenliang/git_projects/namebb/db/journal
2015-01-21T13:33:24.856+0800 [initandlisten] recover : no journal files present, no recovery needed
2015-01-21T13:33:24.880+0800 [initandlisten] waiting for connections on port 27017
2015-01-21T13:33:33.179+0800 [signalProcessingThread] got signal 15 (Terminated: 15), will terminate after current cmd ends
2015-01-21T13:33:33.179+0800 [signalProcessingThread] now exiting
2015-01-21T13:33:33.179+0800 [signalProcessingThread] dbexit: 
2015-01-21T13:33:33.179+0800 [signalProcessingThread] shutdown: going to close listening sockets...
2015-01-21T13:33:33.179+0800 [signalProcessingThread] closing listening socket: 8
2015-01-21T13:33:33.179+0800 [signalProcessingThread] closing listening socket: 9
2015-01-21T13:33:33.179+0800 [signalProcessingThread] removing socket file: /tmp/mongodb-27017.sock
2015-01-21T13:33:33.179+0800 [signalProcessingThread] shutdown: going to flush diaglog...
2015-01-21T13:33:33.179+0800 [signalProcessingThread] shutdown: going to close sockets...
2015-01-21T13:33:33.179+0800 [signalProcessingThread] shutdown: waiting for fs preallocator...
2015-01-21T13:33:33.179+0800 [signalProcessingThread] shutdown: lock for final commit...
2015-01-21T13:33:33.179+0800 [signalProcessingThread] shutdown: final commit...
2015-01-21T13:33:33.183+0800 [signalProcessingThread] shutdown: closing all files...
2015-01-21T13:33:33.183+0800 [signalProcessingThread] closeAllFiles() finished
2015-01-21T13:33:33.183+0800 [signalProcessingThread] journalCleanup...
2015-01-21T13:33:33.183+0800 [signalProcessingThread] removeJournalFiles
2015-01-21T13:33:33.183+0800 [signalProcessingThread] shutdown: removing fs lock...
2015-01-21T13:33:33.183+0800 [signalProcessingThread] dbexit: really exiting now
2015-01-21T15:03:51.350+0800 ***** SERVER RESTARTED *****
2015-01-21T15:03:51.397+0800 [initandlisten] MongoDB starting : pid=492 port=27017 dbpath=/Users/chenliang/git_projects/namebb/db 64-bit host=chenliang.local
2015-01-21T15:03:51.397+0800 [initandlisten] db version v2.6.5
2015-01-21T15:03:51.397+0800 [initandlisten] git version: nogitversion
2015-01-21T15:03:51.397+0800 [initandlisten] build info: Darwin miniyosemite.local 14.0.0 Darwin Kernel Version 14.0.0: Fri Sep 19 00:26:44 PDT 2014; root:xnu-2782.1.97~2/RELEASE_X86_64 x86_64 BOOST_LIB_VERSION=1_49
2015-01-21T15:03:51.397+0800 [initandlisten] allocator: tcmalloc
2015-01-21T15:03:51.397+0800 [initandlisten] options: { command: [ "run" ], config: "/usr/local/etc/mongod.conf", net: { bindIp: "127.0.0.1" }, storage: { dbPath: "/Users/chenliang/git_projects/namebb/db" }, systemLog: { destination: "file", logAppend: true, path: "/Users/chenliang/git_projects/namebb/mongo.log" } }
2015-01-21T15:03:51.486+0800 [initandlisten] exception in initAndListen: 10296 
*********************************************************************
 ERROR: dbpath (/Users/chenliang/git_projects/namebb/db) does not exist.
 Create this directory or give existing directory in --dbpath.
 See http://dochub.mongodb.org/core/startingandstoppingmongo
*********************************************************************
, terminating
2015-01-21T15:03:51.486+0800 [initandlisten] dbexit: 
2015-01-21T15:03:51.486+0800 [initandlisten] shutdown: going to close listening sockets...
2015-01-21T15:03:51.486+0800 [initandlisten] shutdown: going to flush diaglog...
2015-01-21T15:03:51.486+0800 [initandlisten] shutdown: going to close sockets...
2015-01-21T15:03:51.486+0800 [initandlisten] shutdown: waiting for fs preallocator...
2015-01-21T15:03:51.486+0800 [initandlisten] shutdown: lock for final commit...
2015-01-21T15:03:51.486+0800 [initandlisten] shutdown: final commit...
2015-01-21T15:03:51.486+0800 [initandlisten] shutdown: closing all files...
2015-01-21T15:03:51.487+0800 [initandlisten] closeAllFiles() finished
2015-01-21T15:03:51.487+0800 [initandlisten] dbexit: really exiting now
2015-01-23T21:08:16.964+0800 ***** SERVER RESTARTED *****
2015-01-23T21:08:17.112+0800 [initandlisten] MongoDB starting : pid=628 port=27017 dbpath=/Users/chenliang/git_projects/namebb/db 64-bit host=chenliang.local
2015-01-23T21:08:17.113+0800 [initandlisten] db version v2.6.5
2015-01-23T21:08:17.113+0800 [initandlisten] git version: nogitversion
2015-01-23T21:08:17.113+0800 [initandlisten] build info: Darwin miniyosemite.local 14.0.0 Darwin Kernel Version 14.0.0: Fri Sep 19 00:26:44 PDT 2014; root:xnu-2782.1.97~2/RELEASE_X86_64 x86_64 BOOST_LIB_VERSION=1_49
2015-01-23T21:08:17.113+0800 [initandlisten] allocator: tcmalloc
2015-01-23T21:08:17.113+0800 [initandlisten] options: { command: [ "run" ], config: "/usr/local/etc/mongod.conf", net: { bindIp: "127.0.0.1" }, storage: { dbPath: "/Users/chenliang/git_projects/namebb/db" }, systemLog: { destination: "file", logAppend: true, path: "/Users/chenliang/git_projects/namebb/mongo.log" } }
2015-01-23T21:08:17.155+0800 [initandlisten] exception in initAndListen: 10296 
*********************************************************************
 ERROR: dbpath (/Users/chenliang/git_projects/namebb/db) does not exist.
 Create this directory or give existing directory in --dbpath.
 See http://dochub.mongodb.org/core/startingandstoppingmongo
*********************************************************************
, terminating
2015-01-23T21:08:17.155+0800 [initandlisten] dbexit: 
2015-01-23T21:08:17.155+0800 [initandlisten] shutdown: going to close listening sockets...
2015-01-23T21:08:17.155+0800 [initandlisten] shutdown: going to flush diaglog...
2015-01-23T21:08:17.155+0800 [initandlisten] shutdown: going to close sockets...
2015-01-23T21:08:17.156+0800 [initandlisten] shutdown: waiting for fs preallocator...
2015-01-23T21:08:17.156+0800 [initandlisten] shutdown: lock for final commit...
2015-01-23T21:08:17.156+0800 [initandlisten] shutdown: final commit...
2015-01-23T21:08:17.156+0800 [initandlisten] shutdown: closing all files...
2015-01-23T21:08:17.156+0800 [initandlisten] closeAllFiles() finished
2015-01-23T21:08:17.156+0800 [initandlisten] dbexit: really exiting now
2015-01-27T22:20:41.393+0800 ***** SERVER RESTARTED *****
2015-01-27T22:20:41.439+0800 [initandlisten] MongoDB starting : pid=427 port=27017 dbpath=/Users/chenliang/git_projects/namebb/db 64-bit host=chenliang.local
2015-01-27T22:20:41.439+0800 [initandlisten] db version v2.6.5
2015-01-27T22:20:41.439+0800 [initandlisten] git version: nogitversion
2015-01-27T22:20:41.439+0800 [initandlisten] build info: Darwin miniyosemite.local 14.0.0 Darwin Kernel Version 14.0.0: Fri Sep 19 00:26:44 PDT 2014; root:xnu-2782.1.97~2/RELEASE_X86_64 x86_64 BOOST_LIB_VERSION=1_49
2015-01-27T22:20:41.439+0800 [initandlisten] allocator: tcmalloc
2015-01-27T22:20:41.439+0800 [initandlisten] options: { command: [ "run" ], config: "/usr/local/etc/mongod.conf", net: { bindIp: "127.0.0.1" }, storage: { dbPath: "/Users/chenliang/git_projects/namebb/db" }, systemLog: { destination: "file", logAppend: true, path: "/Users/chenliang/git_projects/namebb/mongo.log" } }
2015-01-27T22:20:41.439+0800 [initandlisten] exception in initAndListen: 10296 
*********************************************************************
 ERROR: dbpath (/Users/chenliang/git_projects/namebb/db) does not exist.
 Create this directory or give existing directory in --dbpath.
 See http://dochub.mongodb.org/core/startingandstoppingmongo
*********************************************************************
, terminating
2015-01-27T22:20:41.439+0800 [initandlisten] dbexit: 
2015-01-27T22:20:41.439+0800 [initandlisten] shutdown: going to close listening sockets...
2015-01-27T22:20:41.439+0800 [initandlisten] shutdown: going to flush diaglog...
2015-01-27T22:20:41.439+0800 [initandlisten] shutdown: going to close sockets...
2015-01-27T22:20:41.439+0800 [initandlisten] shutdown: waiting for fs preallocator...
2015-01-27T22:20:41.439+0800 [initandlisten] shutdown: lock for final commit...
2015-01-27T22:20:41.439+0800 [initandlisten] shutdown: final commit...
2015-01-27T22:20:41.439+0800 [initandlisten] shutdown: closing all files...
2015-01-27T22:20:41.439+0800 [initandlisten] closeAllFiles() finished
2015-01-27T22:20:41.439+0800 [initandlisten] dbexit: really exiting now
2015-01-27T22:25:37.008+0800 ***** SERVER RESTARTED *****
2015-01-27T22:25:37.038+0800 [initandlisten] MongoDB starting : pid=350 port=27017 dbpath=/Users/chenliang/git_projects/namebb/db 64-bit host=chenliang.local
2015-01-27T22:25:37.038+0800 [initandlisten] db version v2.6.5
2015-01-27T22:25:37.038+0800 [initandlisten] git version: nogitversion
2015-01-27T22:25:37.038+0800 [initandlisten] build info: Darwin miniyosemite.local 14.0.0 Darwin Kernel Version 14.0.0: Fri Sep 19 00:26:44 PDT 2014; root:xnu-2782.1.97~2/RELEASE_X86_64 x86_64 BOOST_LIB_VERSION=1_49
2015-01-27T22:25:37.038+0800 [initandlisten] allocator: tcmalloc
2015-01-27T22:25:37.038+0800 [initandlisten] options: { command: [ "run" ], config: "/usr/local/etc/mongod.conf", net: { bindIp: "127.0.0.1" }, storage: { dbPath: "/Users/chenliang/git_projects/namebb/db" }, systemLog: { destination: "file", logAppend: true, path: "/Users/chenliang/git_projects/namebb/mongo.log" } }
2015-01-27T22:25:37.039+0800 [initandlisten] exception in initAndListen: 10296 
*********************************************************************
 ERROR: dbpath (/Users/chenliang/git_projects/namebb/db) does not exist.
 Create this directory or give existing directory in --dbpath.
 See http://dochub.mongodb.org/core/startingandstoppingmongo
*********************************************************************
, terminating
2015-01-27T22:25:37.039+0800 [initandlisten] dbexit: 
2015-01-27T22:25:37.039+0800 [initandlisten] shutdown: going to close listening sockets...
2015-01-27T22:25:37.039+0800 [initandlisten] shutdown: going to flush diaglog...
2015-01-27T22:25:37.039+0800 [initandlisten] shutdown: going to close sockets...
2015-01-27T22:25:37.039+0800 [initandlisten] shutdown: waiting for fs preallocator...
2015-01-27T22:25:37.039+0800 [initandlisten] shutdown: lock for final commit...
2015-01-27T22:25:37.039+0800 [initandlisten] shutdown: final commit...
2015-01-27T22:25:37.039+0800 [initandlisten] shutdown: closing all files...
2015-01-27T22:25:37.039+0800 [initandlisten] closeAllFiles() finished
2015-01-27T22:25:37.039+0800 [initandlisten] dbexit: really exiting now
2015-01-28T08:05:09.922+0800 ***** SERVER RESTARTED *****
2015-01-28T08:05:10.007+0800 [initandlisten] MongoDB starting : pid=435 port=27017 dbpath=/Users/chenliang/git_projects/namebb/db 64-bit host=chenliang.local
2015-01-28T08:05:10.007+0800 [initandlisten] db version v2.6.5
2015-01-28T08:05:10.007+0800 [initandlisten] git version: nogitversion
2015-01-28T08:05:10.007+0800 [initandlisten] build info: Darwin miniyosemite.local 14.0.0 Darwin Kernel Version 14.0.0: Fri Sep 19 00:26:44 PDT 2014; root:xnu-2782.1.97~2/RELEASE_X86_64 x86_64 BOOST_LIB_VERSION=1_49
2015-01-28T08:05:10.007+0800 [initandlisten] allocator: tcmalloc
2015-01-28T08:05:10.007+0800 [initandlisten] options: { command: [ "run" ], config: "/usr/local/etc/mongod.conf", net: { bindIp: "127.0.0.1" }, storage: { dbPath: "/Users/chenliang/git_projects/namebb/db" }, systemLog: { destination: "file", logAppend: true, path: "/Users/chenliang/git_projects/namebb/mongo.log" } }
2015-01-28T08:05:10.007+0800 [initandlisten] exception in initAndListen: 10296 
*********************************************************************
 ERROR: dbpath (/Users/chenliang/git_projects/namebb/db) does not exist.
 Create this directory or give existing directory in --dbpath.
 See http://dochub.mongodb.org/core/startingandstoppingmongo
*********************************************************************
, terminating
2015-01-28T08:05:10.007+0800 [initandlisten] dbexit: 
2015-01-28T08:05:10.007+0800 [initandlisten] shutdown: going to close listening sockets...
2015-01-28T08:05:10.007+0800 [initandlisten] shutdown: going to flush diaglog...
2015-01-28T08:05:10.007+0800 [initandlisten] shutdown: going to close sockets...
2015-01-28T08:05:10.007+0800 [initandlisten] shutdown: waiting for fs preallocator...
2015-01-28T08:05:10.007+0800 [initandlisten] shutdown: lock for final commit...
2015-01-28T08:05:10.007+0800 [initandlisten] shutdown: final commit...
2015-01-28T08:05:10.007+0800 [initandlisten] shutdown: closing all files...
2015-01-28T08:05:10.007+0800 [initandlisten] closeAllFiles() finished
2015-01-28T08:05:10.007+0800 [initandlisten] dbexit: really exiting now
2015-01-28T08:10:26.877+0800 ***** SERVER RESTARTED *****
2015-01-28T08:10:26.991+0800 [initandlisten] MongoDB starting : pid=428 port=27017 dbpath=/Users/chenliang/git_projects/namebb/db 64-bit host=chenliang.local
2015-01-28T08:10:26.991+0800 [initandlisten] db version v2.6.5
2015-01-28T08:10:26.991+0800 [initandlisten] git version: nogitversion
2015-01-28T08:10:26.991+0800 [initandlisten] build info: Darwin miniyosemite.local 14.0.0 Darwin Kernel Version 14.0.0: Fri Sep 19 00:26:44 PDT 2014; root:xnu-2782.1.97~2/RELEASE_X86_64 x86_64 BOOST_LIB_VERSION=1_49
2015-01-28T08:10:26.991+0800 [initandlisten] allocator: tcmalloc
2015-01-28T08:10:26.991+0800 [initandlisten] options: { command: [ "run" ], config: "/usr/local/etc/mongod.conf", net: { bindIp: "127.0.0.1" }, storage: { dbPath: "/Users/chenliang/git_projects/namebb/db" }, systemLog: { destination: "file", logAppend: true, path: "/Users/chenliang/git_projects/namebb/mongo.log" } }
2015-01-28T08:10:26.991+0800 [initandlisten] exception in initAndListen: 10296 
*********************************************************************
 ERROR: dbpath (/Users/chenliang/git_projects/namebb/db) does not exist.
 Create this directory or give existing directory in --dbpath.
 See http://dochub.mongodb.org/core/startingandstoppingmongo
*********************************************************************
, terminating
2015-01-28T08:10:26.991+0800 [initandlisten] dbexit: 
2015-01-28T08:10:26.991+0800 [initandlisten] shutdown: going to close listening sockets...
2015-01-28T08:10:26.991+0800 [initandlisten] shutdown: going to flush diaglog...
2015-01-28T08:10:26.991+0800 [initandlisten] shutdown: going to close sockets...
2015-01-28T08:10:26.992+0800 [initandlisten] shutdown: waiting for fs preallocator...
2015-01-28T08:10:26.992+0800 [initandlisten] shutdown: lock for final commit...
2015-01-28T08:10:26.992+0800 [initandlisten] shutdown: final commit...
2015-01-28T08:10:26.992+0800 [initandlisten] shutdown: closing all files...
2015-01-28T08:10:26.995+0800 [initandlisten] closeAllFiles() finished
2015-01-28T08:10:26.996+0800 [initandlisten] dbexit: really exiting now
2015-01-31T13:16:03.319+0800 ***** SERVER RESTARTED *****
2015-01-31T13:16:03.362+0800 [initandlisten] MongoDB starting : pid=342 port=27017 dbpath=/Users/chenliang/git_projects/namebb/db 64-bit host=chenliang.local
2015-01-31T13:16:03.362+0800 [initandlisten] db version v2.6.5
2015-01-31T13:16:03.362+0800 [initandlisten] git version: nogitversion
2015-01-31T13:16:03.362+0800 [initandlisten] build info: Darwin miniyosemite.local 14.0.0 Darwin Kernel Version 14.0.0: Fri Sep 19 00:26:44 PDT 2014; root:xnu-2782.1.97~2/RELEASE_X86_64 x86_64 BOOST_LIB_VERSION=1_49
2015-01-31T13:16:03.362+0800 [initandlisten] allocator: tcmalloc
2015-01-31T13:16:03.362+0800 [initandlisten] options: { command: [ "run" ], config: "/usr/local/etc/mongod.conf", net: { bindIp: "127.0.0.1" }, storage: { dbPath: "/Users/chenliang/git_projects/namebb/db" }, systemLog: { destination: "file", logAppend: true, path: "/Users/chenliang/git_projects/namebb/mongo.log" } }
2015-01-31T13:16:03.363+0800 [initandlisten] exception in initAndListen: 10296 
*********************************************************************
 ERROR: dbpath (/Users/chenliang/git_projects/namebb/db) does not exist.
 Create this directory or give existing directory in --dbpath.
 See http://dochub.mongodb.org/core/startingandstoppingmongo
*********************************************************************
, terminating
2015-01-31T13:16:03.363+0800 [initandlisten] dbexit: 
2015-01-31T13:16:03.363+0800 [initandlisten] shutdown: going to close listening sockets...
2015-01-31T13:16:03.363+0800 [initandlisten] shutdown: going to flush diaglog...
2015-01-31T13:16:03.363+0800 [initandlisten] shutdown: going to close sockets...
2015-01-31T13:16:03.363+0800 [initandlisten] shutdown: waiting for fs preallocator...
2015-01-31T13:16:03.363+0800 [initandlisten] shutdown: lock for final commit...
2015-01-31T13:16:03.363+0800 [initandlisten] shutdown: final commit...
2015-01-31T13:16:03.363+0800 [initandlisten] shutdown: closing all files...
2015-01-31T13:16:03.363+0800 [initandlisten] closeAllFiles() finished
2015-01-31T13:16:03.363+0800 [initandlisten] dbexit: really exiting now
2015-02-01T18:49:55.026+0800 ***** SERVER RESTARTED *****
2015-02-01T18:49:55.213+0800 [initandlisten] MongoDB starting : pid=444 port=27017 dbpath=/Users/chenliang/git_projects/namebb/db 64-bit host=chenliang.local
2015-02-01T18:49:55.213+0800 [initandlisten] db version v2.6.5
2015-02-01T18:49:55.213+0800 [initandlisten] git version: nogitversion
2015-02-01T18:49:55.213+0800 [initandlisten] build info: Darwin miniyosemite.local 14.0.0 Darwin Kernel Version 14.0.0: Fri Sep 19 00:26:44 PDT 2014; root:xnu-2782.1.97~2/RELEASE_X86_64 x86_64 BOOST_LIB_VERSION=1_49
2015-02-01T18:49:55.213+0800 [initandlisten] allocator: tcmalloc
2015-02-01T18:49:55.213+0800 [initandlisten] options: { command: [ "run" ], config: "/usr/local/etc/mongod.conf", net: { bindIp: "127.0.0.1" }, storage: { dbPath: "/Users/chenliang/git_projects/namebb/db" }, systemLog: { destination: "file", logAppend: true, path: "/Users/chenliang/git_projects/namebb/mongo.log" } }
2015-02-01T18:49:55.213+0800 [initandlisten] exception in initAndListen: 10296 
*********************************************************************
 ERROR: dbpath (/Users/chenliang/git_projects/namebb/db) does not exist.
 Create this directory or give existing directory in --dbpath.
 See http://dochub.mongodb.org/core/startingandstoppingmongo
*********************************************************************
, terminating
2015-02-01T18:49:55.213+0800 [initandlisten] dbexit: 
2015-02-01T18:49:55.213+0800 [initandlisten] shutdown: going to close listening sockets...
2015-02-01T18:49:55.213+0800 [initandlisten] shutdown: going to flush diaglog...
2015-02-01T18:49:55.213+0800 [initandlisten] shutdown: going to close sockets...
2015-02-01T18:49:55.213+0800 [initandlisten] shutdown: waiting for fs preallocator...
2015-02-01T18:49:55.213+0800 [initandlisten] shutdown: lock for final commit...
2015-02-01T18:49:55.213+0800 [initandlisten] shutdown: final commit...
2015-02-01T18:49:55.214+0800 [initandlisten] shutdown: closing all files...
2015-02-01T18:49:55.214+0800 [initandlisten] closeAllFiles() finished
2015-02-01T18:49:55.214+0800 [initandlisten] dbexit: really exiting now
2015-02-01T18:52:10.262+0800 ***** SERVER RESTARTED *****
2015-02-01T18:52:10.308+0800 [initandlisten] MongoDB starting : pid=376 port=27017 dbpath=/Users/chenliang/git_projects/namebb/db 64-bit host=chenliang.local
2015-02-01T18:52:10.308+0800 [initandlisten] db version v2.6.5
2015-02-01T18:52:10.308+0800 [initandlisten] git version: nogitversion
2015-02-01T18:52:10.308+0800 [initandlisten] build info: Darwin miniyosemite.local 14.0.0 Darwin Kernel Version 14.0.0: Fri Sep 19 00:26:44 PDT 2014; root:xnu-2782.1.97~2/RELEASE_X86_64 x86_64 BOOST_LIB_VERSION=1_49
2015-02-01T18:52:10.308+0800 [initandlisten] allocator: tcmalloc
2015-02-01T18:52:10.308+0800 [initandlisten] options: { command: [ "run" ], config: "/usr/local/etc/mongod.conf", net: { bindIp: "127.0.0.1" }, storage: { dbPath: "/Users/chenliang/git_projects/namebb/db" }, systemLog: { destination: "file", logAppend: true, path: "/Users/chenliang/git_projects/namebb/mongo.log" } }
2015-02-01T18:52:10.309+0800 [initandlisten] exception in initAndListen: 10296 
*********************************************************************
 ERROR: dbpath (/Users/chenliang/git_projects/namebb/db) does not exist.
 Create this directory or give existing directory in --dbpath.
 See http://dochub.mongodb.org/core/startingandstoppingmongo
*********************************************************************
, terminating
2015-02-01T18:52:10.309+0800 [initandlisten] dbexit: 
2015-02-01T18:52:10.309+0800 [initandlisten] shutdown: going to close listening sockets...
2015-02-01T18:52:10.309+0800 [initandlisten] shutdown: going to flush diaglog...
2015-02-01T18:52:10.309+0800 [initandlisten] shutdown: going to close sockets...
2015-02-01T18:52:10.309+0800 [initandlisten] shutdown: waiting for fs preallocator...
2015-02-01T18:52:10.309+0800 [initandlisten] shutdown: lock for final commit...
2015-02-01T18:52:10.309+0800 [initandlisten] shutdown: final commit...
2015-02-01T18:52:10.309+0800 [initandlisten] shutdown: closing all files...
2015-02-01T18:52:10.309+0800 [initandlisten] closeAllFiles() finished
2015-02-01T18:52:10.309+0800 [initandlisten] dbexit: really exiting now
2015-02-01T18:56:37.353+0800 ***** SERVER RESTARTED *****
2015-02-01T18:56:37.480+0800 [initandlisten] MongoDB starting : pid=348 port=27017 dbpath=/Users/chenliang/git_projects/namebb/db 64-bit host=chenliang.local
2015-02-01T18:56:37.480+0800 [initandlisten] db version v2.6.5
2015-02-01T18:56:37.480+0800 [initandlisten] git version: nogitversion
2015-02-01T18:56:37.480+0800 [initandlisten] build info: Darwin miniyosemite.local 14.0.0 Darwin Kernel Version 14.0.0: Fri Sep 19 00:26:44 PDT 2014; root:xnu-2782.1.97~2/RELEASE_X86_64 x86_64 BOOST_LIB_VERSION=1_49
2015-02-01T18:56:37.480+0800 [initandlisten] allocator: tcmalloc
2015-02-01T18:56:37.480+0800 [initandlisten] options: { command: [ "run" ], config: "/usr/local/etc/mongod.conf", net: { bindIp: "127.0.0.1" }, storage: { dbPath: "/Users/chenliang/git_projects/namebb/db" }, systemLog: { destination: "file", logAppend: true, path: "/Users/chenliang/git_projects/namebb/mongo.log" } }
2015-02-01T18:56:37.481+0800 [initandlisten] exception in initAndListen: 10296 
*********************************************************************
 ERROR: dbpath (/Users/chenliang/git_projects/namebb/db) does not exist.
 Create this directory or give existing directory in --dbpath.
 See http://dochub.mongodb.org/core/startingandstoppingmongo
*********************************************************************
, terminating
2015-02-01T18:56:37.481+0800 [initandlisten] dbexit: 
2015-02-01T18:56:37.481+0800 [initandlisten] shutdown: going to close listening sockets...
2015-02-01T18:56:37.481+0800 [initandlisten] shutdown: going to flush diaglog...
2015-02-01T18:56:37.481+0800 [initandlisten] shutdown: going to close sockets...
2015-02-01T18:56:37.481+0800 [initandlisten] shutdown: waiting for fs preallocator...
2015-02-01T18:56:37.481+0800 [initandlisten] shutdown: lock for final commit...
2015-02-01T18:56:37.481+0800 [initandlisten] shutdown: final commit...
2015-02-01T18:56:37.481+0800 [initandlisten] shutdown: closing all files...
2015-02-01T18:56:37.481+0800 [initandlisten] closeAllFiles() finished
2015-02-01T18:56:37.481+0800 [initandlisten] dbexit: really exiting now
2015-02-01T18:58:00.526+0800 ***** SERVER RESTARTED *****
2015-02-01T18:58:00.568+0800 [initandlisten] MongoDB starting : pid=381 port=27017 dbpath=/Users/chenliang/git_projects/namebb/db 64-bit host=chenliang.local
2015-02-01T18:58:00.568+0800 [initandlisten] db version v2.6.5
2015-02-01T18:58:00.568+0800 [initandlisten] git version: nogitversion
2015-02-01T18:58:00.568+0800 [initandlisten] build info: Darwin miniyosemite.local 14.0.0 Darwin Kernel Version 14.0.0: Fri Sep 19 00:26:44 PDT 2014; root:xnu-2782.1.97~2/RELEASE_X86_64 x86_64 BOOST_LIB_VERSION=1_49
2015-02-01T18:58:00.568+0800 [initandlisten] allocator: tcmalloc
2015-02-01T18:58:00.568+0800 [initandlisten] options: { command: [ "run" ], config: "/usr/local/etc/mongod.conf", net: { bindIp: "127.0.0.1" }, storage: { dbPath: "/Users/chenliang/git_projects/namebb/db" }, systemLog: { destination: "file", logAppend: true, path: "/Users/chenliang/git_projects/namebb/mongo.log" } }
2015-02-01T18:58:00.568+0800 [initandlisten] exception in initAndListen: 10296 
*********************************************************************
 ERROR: dbpath (/Users/chenliang/git_projects/namebb/db) does not exist.
 Create this directory or give existing directory in --dbpath.
 See http://dochub.mongodb.org/core/startingandstoppingmongo
*********************************************************************
, terminating
2015-02-01T18:58:00.568+0800 [initandlisten] dbexit: 
2015-02-01T18:58:00.568+0800 [initandlisten] shutdown: going to close listening sockets...
2015-02-01T18:58:00.568+0800 [initandlisten] shutdown: going to flush diaglog...
2015-02-01T18:58:00.568+0800 [initandlisten] shutdown: going to close sockets...
2015-02-01T18:58:00.568+0800 [initandlisten] shutdown: waiting for fs preallocator...
2015-02-01T18:58:00.568+0800 [initandlisten] shutdown: lock for final commit...
2015-02-01T18:58:00.568+0800 [initandlisten] shutdown: final commit...
2015-02-01T18:58:00.568+0800 [initandlisten] shutdown: closing all files...
2015-02-01T18:58:00.569+0800 [initandlisten] closeAllFiles() finished
2015-02-01T18:58:00.569+0800 [initandlisten] dbexit: really exiting now
2015-02-01T19:03:51.682+0800 ***** SERVER RESTARTED *****
2015-02-01T19:03:51.780+0800 [initandlisten] MongoDB starting : pid=430 port=27017 dbpath=/Users/chenliang/git_projects/namebb/db 64-bit host=chenliang.local
2015-02-01T19:03:51.780+0800 [initandlisten] db version v2.6.5
2015-02-01T19:03:51.780+0800 [initandlisten] git version: nogitversion
2015-02-01T19:03:51.780+0800 [initandlisten] build info: Darwin miniyosemite.local 14.0.0 Darwin Kernel Version 14.0.0: Fri Sep 19 00:26:44 PDT 2014; root:xnu-2782.1.97~2/RELEASE_X86_64 x86_64 BOOST_LIB_VERSION=1_49
2015-02-01T19:03:51.780+0800 [initandlisten] allocator: tcmalloc
2015-02-01T19:03:51.780+0800 [initandlisten] options: { command: [ "run" ], config: "/usr/local/etc/mongod.conf", net: { bindIp: "127.0.0.1" }, storage: { dbPath: "/Users/chenliang/git_projects/namebb/db" }, systemLog: { destination: "file", logAppend: true, path: "/Users/chenliang/git_projects/namebb/mongo.log" } }
2015-02-01T19:03:51.780+0800 [initandlisten] exception in initAndListen: 10296 
*********************************************************************
 ERROR: dbpath (/Users/chenliang/git_projects/namebb/db) does not exist.
 Create this directory or give existing directory in --dbpath.
 See http://dochub.mongodb.org/core/startingandstoppingmongo
*********************************************************************
, terminating
2015-02-01T19:03:51.780+0800 [initandlisten] dbexit: 
2015-02-01T19:03:51.780+0800 [initandlisten] shutdown: going to close listening sockets...
2015-02-01T19:03:51.780+0800 [initandlisten] shutdown: going to flush diaglog...
2015-02-01T19:03:51.780+0800 [initandlisten] shutdown: going to close sockets...
2015-02-01T19:03:51.780+0800 [initandlisten] shutdown: waiting for fs preallocator...
2015-02-01T19:03:51.780+0800 [initandlisten] shutdown: lock for final commit...
2015-02-01T19:03:51.780+0800 [initandlisten] shutdown: final commit...
2015-02-01T19:03:51.780+0800 [initandlisten] shutdown: closing all files...
2015-02-01T19:03:51.781+0800 [initandlisten] closeAllFiles() finished
2015-02-01T19:03:51.781+0800 [initandlisten] dbexit: really exiting now
2015-02-03T11:56:41.216+0800 ***** SERVER RESTARTED *****
2015-02-03T11:56:41.531+0800 [initandlisten] MongoDB starting : pid=9649 port=27017 dbpath=/Users/chenliang/git_projects/namebb/db 64-bit host=chenliang.local
2015-02-03T11:56:41.531+0800 [initandlisten] db version v2.6.5
2015-02-03T11:56:41.531+0800 [initandlisten] git version: nogitversion
2015-02-03T11:56:41.531+0800 [initandlisten] build info: Darwin miniyosemite.local 14.0.0 Darwin Kernel Version 14.0.0: Fri Sep 19 00:26:44 PDT 2014; root:xnu-2782.1.97~2/RELEASE_X86_64 x86_64 BOOST_LIB_VERSION=1_49
2015-02-03T11:56:41.531+0800 [initandlisten] allocator: tcmalloc
2015-02-03T11:56:41.531+0800 [initandlisten] options: { command: [ "run" ], config: "/usr/local/etc/mongod.conf", net: { bindIp: "127.0.0.1" }, storage: { dbPath: "/Users/chenliang/git_projects/namebb/db" }, systemLog: { destination: "file", logAppend: true, path: "/Users/chenliang/git_projects/namebb/mongo.log" } }
2015-02-03T11:56:41.533+0800 [initandlisten] exception in initAndListen: 10296 
*********************************************************************
 ERROR: dbpath (/Users/chenliang/git_projects/namebb/db) does not exist.
 Create this directory or give existing directory in --dbpath.
 See http://dochub.mongodb.org/core/startingandstoppingmongo
*********************************************************************
, terminating
2015-02-03T11:56:41.533+0800 [initandlisten] dbexit: 
2015-02-03T11:56:41.533+0800 [initandlisten] shutdown: going to close listening sockets...
2015-02-03T11:56:41.533+0800 [initandlisten] shutdown: going to flush diaglog...
2015-02-03T11:56:41.533+0800 [initandlisten] shutdown: going to close sockets...
2015-02-03T11:56:41.533+0800 [initandlisten] shutdown: waiting for fs preallocator...
2015-02-03T11:56:41.533+0800 [initandlisten] shutdown: lock for final commit...
2015-02-03T11:56:41.533+0800 [initandlisten] shutdown: final commit...
2015-02-03T11:56:41.533+0800 [initandlisten] shutdown: closing all files...
2015-02-03T11:56:41.533+0800 [initandlisten] closeAllFiles() finished
2015-02-03T11:56:41.533+0800 [initandlisten] dbexit: really exiting now
2015-02-04T19:11:40.654+0800 ***** SERVER RESTARTED *****
2015-02-04T19:11:40.690+0800 [initandlisten] MongoDB starting : pid=940 port=27017 dbpath=/Users/chenliang/git_projects/namebb/db 64-bit host=chenliang.local
2015-02-04T19:11:40.690+0800 [initandlisten] db version v2.6.5
2015-02-04T19:11:40.690+0800 [initandlisten] git version: nogitversion
2015-02-04T19:11:40.690+0800 [initandlisten] build info: Darwin miniyosemite.local 14.0.0 Darwin Kernel Version 14.0.0: Fri Sep 19 00:26:44 PDT 2014; root:xnu-2782.1.97~2/RELEASE_X86_64 x86_64 BOOST_LIB_VERSION=1_49
2015-02-04T19:11:40.690+0800 [initandlisten] allocator: tcmalloc
2015-02-04T19:11:40.690+0800 [initandlisten] options: { command: [ "run" ], config: "/usr/local/etc/mongod.conf", net: { bindIp: "127.0.0.1" }, storage: { dbPath: "/Users/chenliang/git_projects/namebb/db" }, systemLog: { destination: "file", logAppend: true, path: "/Users/chenliang/git_projects/namebb/mongo.log" } }
2015-02-04T19:11:40.690+0800 [initandlisten] exception in initAndListen: 10296 
*********************************************************************
 ERROR: dbpath (/Users/chenliang/git_projects/namebb/db) does not exist.
 Create this directory or give existing directory in --dbpath.
 See http://dochub.mongodb.org/core/startingandstoppingmongo
*********************************************************************
, terminating
2015-02-04T19:11:40.690+0800 [initandlisten] dbexit: 
2015-02-04T19:11:40.690+0800 [initandlisten] shutdown: going to close listening sockets...
2015-02-04T19:11:40.690+0800 [initandlisten] shutdown: going to flush diaglog...
2015-02-04T19:11:40.690+0800 [initandlisten] shutdown: going to close sockets...
2015-02-04T19:11:40.691+0800 [initandlisten] shutdown: waiting for fs preallocator...
2015-02-04T19:11:40.691+0800 [initandlisten] shutdown: lock for final commit...
2015-02-04T19:11:40.691+0800 [initandlisten] shutdown: final commit...
2015-02-04T19:11:40.691+0800 [initandlisten] shutdown: closing all files...
2015-02-04T19:11:40.691+0800 [initandlisten] closeAllFiles() finished
2015-02-04T19:11:40.691+0800 [initandlisten] dbexit: really exiting now
